<?xml version="1.0" encoding="UTF-8"?>
<!-- Generated by org.testng.reporters.JUnitXMLReporter -->
<testsuite hostname="AUSMEL295681L" name="Test" tests="1" failures="1" timestamp="26 May 2020 02:13:18 GMT" time="0.028" errors="0">
  <testcase name="test" time="0.013" classname="loginEDUBank.verifyLogin">
    <failure type="java.lang.NullPointerException">
      <![CDATA[java.lang.NullPointerException
	at loginEDUBank.verifyLogin.test(verifyLogin.java:28)
... Removed 24 stack frames]]>
    </failure>
  </testcase> <!-- test -->
</testsuite> <!-- Test -->
